root@p-3fd11fa0e09d-ackcs-00gjfiwk:~/cuda_pdn# python allocate_dtc_oneshot.py 
min:0.000390625
53274
Impedance data saved to 104impedance_data.csv
worst_impedance:1.9051295797380413e-05
worst_impedance_index:0
impedance_violation:tensor([0., 0., 0., 0., 0., 0., 0., 0., 0., 0., 0., 0., 0., 0., 0., 0., 0., 0., 0., 0., 0., 0., 0., 0.,
        0., 0., 0., 0., 0., 0., 0., 0., 0., 0., 0., 0., 0., 0., 0., 0., 0., 0., 0., 0., 0., 0., 0., 0.,
        0., 0., 0., 0., 0., 0., 0., 0., 0., 0., 0., 0., 0., 0., 0., 0., 0., 0., 0., 0., 0., 0., 0., 0.,
        0., 0., 0., 0., 0., 0., 0., 0., 0., 0., 0., 0., 0., 0., 0., 0., 0., 0., 0., 0., 0., 0., 0., 0.,
        0., 0., 0., 0.], dtype=torch.float64)
impedance_violation.sum:0.0
total_impedance_violation:0.0
worst_impedance:0.0016381900015038076
worst_impedance_index:0
impedance_violation:tensor([1.2476e-03, 1.1711e-03, 1.0985e-03, 1.0294e-03, 9.6364e-04, 9.0111e-04,
        8.4161e-04, 7.8497e-04, 7.3105e-04, 6.7970e-04, 6.3081e-04, 5.8424e-04,
        5.3988e-04, 4.9762e-04, 4.5737e-04, 4.1902e-04, 3.8249e-04, 3.4769e-04,
        3.1455e-04, 2.8298e-04, 2.5293e-04, 2.2432e-04, 1.9711e-04, 1.7124e-04,
        1.4667e-04, 1.2335e-04, 1.0126e-04, 8.0371e-05, 6.0667e-05, 4.2145e-05,
        2.4810e-05, 8.6806e-06, 0.0000e+00, 0.0000e+00, 0.0000e+00, 0.0000e+00,
        0.0000e+00, 0.0000e+00, 0.0000e+00, 0.0000e+00, 0.0000e+00, 0.0000e+00,
        0.0000e+00, 0.0000e+00, 0.0000e+00, 0.0000e+00, 0.0000e+00, 0.0000e+00,
        0.0000e+00, 0.0000e+00, 0.0000e+00, 0.0000e+00, 2.4382e-06, 1.2389e-05,
        2.2041e-05, 3.1284e-05, 4.0032e-05, 4.8226e-05, 5.5828e-05, 6.2814e-05,
        6.9164e-05, 7.4876e-05, 8.0199e-05, 8.6057e-05, 9.1061e-05, 9.4935e-05,
        9.8360e-05, 1.0144e-04, 1.0422e-04, 1.0670e-04, 1.0891e-04, 1.1100e-04,
        1.1309e-04, 1.1442e-04, 1.1569e-04, 1.1679e-04, 1.1783e-04, 1.1952e-04,
        1.1973e-04, 1.1679e-04, 1.2057e-04, 1.2318e-04, 1.2389e-04, 1.2438e-04,
        1.2473e-04, 1.2538e-04, 1.2553e-04, 1.2583e-04, 1.2620e-04, 1.2592e-04,
        1.2655e-04, 1.2728e-04, 1.2729e-04, 1.2754e-04, 1.2731e-04, 1.2731e-04,
        1.2792e-04, 1.2802e-04, 1.2790e-04, 1.2795e-04], dtype=torch.float64)
impedance_violation.sum:0.020195254094633103
total_impedance_violation:0.00020195254094633103
信息: 从 'data/2025_11/ascend910_result_dtc_ga_OptimalNd433.yaml' 读取初始 DTC 位置。
冻结 DTC 数量: 433 / 53274
前10个DTC概率： tensor([0.5000, 0.1300, 0.1573, 0.2775, 0.8522, 0.3526, 0.5420, 0.8222, 0.2387,
        0.7185])
最大概率: 0.9820137619972229 最小概率: 0.11920291185379028
iter 0: loss 267.48388671875 total_impedance_violation 0.0 dtc_count 26748.390625
前 50 轮冻结 433 个 DTC 的 logits。
iter 1: loss 220.9207000732422 total_impedance_violation 0.0 dtc_count 22092.0703125
iter 2: loss 179.7528076171875 total_impedance_violation 0.0 dtc_count 17975.28125
iter 3: loss 143.55735778808594 total_impedance_violation 0.0 dtc_count 14355.736328125
iter 4: loss 110.52793884277344 total_impedance_violation 0.0 dtc_count 11052.7939453125
iter 5: loss 85.13118743896484 total_impedance_violation 0.0 dtc_count 8513.119140625
iter 6: loss 64.54195404052734 total_impedance_violation 0.0 dtc_count 6454.1953125
iter 7: loss 48.92685317993164 total_impedance_violation 0.0 dtc_count 4892.685546875
iter 8: loss 37.36117172241211 total_impedance_violation 0.0 dtc_count 3736.1171875
iter 9: loss 28.573461532592773 total_impedance_violation 0.0 dtc_count 2857.34619140625
iter 10: loss 22.37074089050293 total_impedance_violation 0.0 dtc_count 2237.07421875
iter 11: loss 17.6835880279541 total_impedance_violation 0.0 dtc_count 1768.3587646484375
iter 12: loss 14.435428037159843 total_impedance_violation 2.960051488201041e-07 dtc_count 1440.582763671875
iter 13: loss 12.19207195115723 total_impedance_violation 3.9730436865267786e-08 dtc_count 1218.8099365234375
iter 14: loss 10.574761799547366 total_impedance_violation 2.001326439111565e-07 dtc_count 1055.474853515625
iter 15: loss 9.191110610961914 total_impedance_violation 0.0 dtc_count 919.111083984375
iter 16: loss 8.221733405871895 total_impedance_violation 9.503677173164229e-08 dtc_count 821.2230224609375
iter 17: loss 7.525753498077393 total_impedance_violation 0.0 dtc_count 752.5753784179688
iter 18: loss 6.976125728916869 total_impedance_violation 1.4222633671507018e-07 dtc_count 696.1903076171875
iter 19: loss 6.367989540100098 total_impedance_violation 0.0 dtc_count 636.7989501953125
iter 20: loss 6.2307047843933105 total_impedance_violation 0.0 dtc_count 623.0704956054688
iter 21: loss 5.797404766082764 total_impedance_violation 0.0 dtc_count 579.740478515625
iter 22: loss 5.617711067199707 total_impedance_violation 0.0 dtc_count 561.7711181640625
iter 23: loss 5.458117485046387 total_impedance_violation 0.0 dtc_count 545.811767578125
iter 24: loss 5.309473991394043 total_impedance_violation 0.0 dtc_count 530.9473876953125
iter 25: loss 4.9588847160339355 total_impedance_violation 0.0 dtc_count 495.88848876953125
iter 26: loss 4.857656002044678 total_impedance_violation 0.0 dtc_count 485.765625
iter 27: loss 4.817207348073882 total_impedance_violation 9.11904546157746e-08 dtc_count 480.808837890625
iter 28: loss 4.705962657928467 total_impedance_violation 0.0 dtc_count 470.5962829589844
iter 29: loss 4.671553134918213 total_impedance_violation 0.0 dtc_count 467.15533447265625
iter 30: loss 4.646861553192139 total_impedance_violation 0.0 dtc_count 464.6861572265625
iter 31: loss 4.587117671966553 total_impedance_violation 0.0 dtc_count 458.7117919921875
iter 32: loss 4.565217971801758 total_impedance_violation 0.0 dtc_count 456.52178955078125
iter 33: loss 4.500480651855469 total_impedance_violation 0.0 dtc_count 450.048095703125
iter 34: loss 4.56512451171875 total_impedance_violation 0.0 dtc_count 456.512451171875
iter 35: loss 4.513370037078857 total_impedance_violation 0.0 dtc_count 451.3370056152344
iter 36: loss 4.460546970367432 total_impedance_violation 0.0 dtc_count 446.0547180175781
iter 37: loss 4.4808030128479 total_impedance_violation 0.0 dtc_count 448.0802917480469
iter 38: loss 4.517806529998779 total_impedance_violation 0.0 dtc_count 451.7806701660156
iter 39: loss 4.425777435302734 total_impedance_violation 0.0 dtc_count 442.5777587890625
iter 40: loss 4.446834087371826 total_impedance_violation 0.0 dtc_count 444.6834411621094
iter 41: loss 4.411461353302002 total_impedance_violation 0.0 dtc_count 441.1461486816406
iter 42: loss 4.422487258911133 total_impedance_violation 0.0 dtc_count 442.24871826171875
iter 43: loss 4.34214973449707 total_impedance_violation 0.0 dtc_count 434.2149963378906
iter 44: loss 4.424316883087158 total_impedance_violation 0.0 dtc_count 442.43170166015625
iter 45: loss 4.40964937210083 total_impedance_violation 0.0 dtc_count 440.9649353027344
iter 46: loss 4.330151081085205 total_impedance_violation 0.0 dtc_count 433.01513671875
iter 47: loss 4.312707901000977 total_impedance_violation 0.0 dtc_count 431.2707824707031
iter 48: loss 4.403982639312744 total_impedance_violation 0.0 dtc_count 440.39825439453125
iter 49: loss 4.363822937011719 total_impedance_violation 0.0 dtc_count 436.38232421875
iter 50: loss 4.352898597717285 total_impedance_violation 0.0 dtc_count 435.2898864746094
iter 51: loss 4.253152561900356 total_impedance_violation 1.1007316086074901e-08 dtc_count 425.2051696777344
iter 52: loss 4.085254292125261 total_impedance_violation 1.3654808635270278e-07 dtc_count 407.15997314453125
iter 53: loss 3.9991574170999535 total_impedance_violation 2.557896403598885e-07 dtc_count 397.35784912109375
iter 54: loss 3.817514071342532 total_impedance_violation 6.94199894638697e-07 dtc_count 374.8094177246094
iter 55: loss 3.5996226702523635 total_impedance_violation 1.3856572254423342e-06 dtc_count 346.105712890625
iter 56: loss 3.3116157610030137 total_impedance_violation 4.032741148085557e-06 dtc_count 290.83416748046875
iter 57: loss 3.1684233559667607 total_impedance_violation 7.41072596460535e-06 dtc_count 242.73509216308594
iter 58: loss 3.843870104597947 total_impedance_violation 2.0035234106053323e-05 dtc_count 184.03466796875
iter 59: loss 4.215507326144557 total_impedance_violation 2.908830223101955e-05 dtc_count 130.66770935058594
iter 60: loss 5.9498490150067695 total_impedance_violation 5.104557460078944e-05 dtc_count 84.52915954589844
iter 61: loss 6.443538434091187 total_impedance_violation 5.7957039542823796e-05 dtc_count 64.783447265625
iter 62: loss 9.63041408080096 total_impedance_violation 9.235615742387722e-05 dtc_count 39.479835510253906
iter 63: loss 8.377371096588464 total_impedance_violation 7.965121650673241e-05 dtc_count 41.224945068359375
iter 64: loss 11.079112429948596 total_impedance_violation 0.00010815689553352146 dtc_count 26.342288970947266
iter 65: loss 11.291268844501328 total_impedance_violation 0.00011031609196559739 dtc_count 25.965965270996094
iter 66: loss 12.913223015270562 total_impedance_violation 0.00012715583117804856 dtc_count 19.76399040222168
iter 67: loss 12.675973288726142 total_impedance_violation 0.00012477404601883224 dtc_count 19.856868743896484
iter 68: loss 13.667411065605176 total_impedance_violation 0.00013491019180920613 dtc_count 17.639188766479492
iter 69: loss 14.11030583705949 total_impedance_violation 0.0001396106449391889 dtc_count 14.924134254455566
iter 70: loss 12.71970069601428 total_impedance_violation 0.00012539101617478247 dtc_count 18.059907913208008
iter 71: loss 13.408691729073379 total_impedance_violation 0.00013260151068334434 dtc_count 14.854065895080566
iter 72: loss 14.197682462454956 total_impedance_violation 0.00014044745780349892 dtc_count 15.293668746948242
iter 73: loss 12.97247633224099 total_impedance_violation 0.00012800622938924721 dtc_count 17.185338973999023
iter 74: loss 13.274210721235812 total_impedance_violation 0.00013108271509390415 dtc_count 16.593921661376953
iter 75: loss 14.635649202410397 total_impedance_violation 0.0001452168661171597 dtc_count 11.396259307861328
iter 76: loss 14.518598855808115 total_impedance_violation 0.00014371518270447589 dtc_count 14.708059310913086
iter 77: loss 15.148363172040954 total_impedance_violation 0.000150118279894457 dtc_count 13.653518676757812
iter 78: loss 15.869081834868622 total_impedance_violation 0.0001576490901650591 dtc_count 10.417282104492188
iter 79: loss 16.559865175991465 total_impedance_violation 0.00016479788369744232 dtc_count 8.007680892944336
iter 80: loss 16.057935197313057 total_impedance_violation 0.00015933835428614843 dtc_count 12.409976959228516
iter 81: loss 16.371783512405376 total_impedance_violation 0.00016292029822937467 dtc_count 7.975369453430176
iter 82: loss 13.943888112502476 total_impedance_violation 0.0001382872543443956 dtc_count 11.516267776489258
iter 83: loss 16.5054262049283 total_impedance_violation 0.00016405341117807767 dtc_count 10.008508682250977
iter 84: loss 13.98697360412695 total_impedance_violation 0.0001386597198055603 dtc_count 12.100162506103516
iter 85: loss 14.83471822743112 total_impedance_violation 0.00014703752860471548 dtc_count 13.096536636352539
iter 86: loss 14.006673391522344 total_impedance_violation 0.0001383542179650205 dtc_count 17.125160217285156
iter 87: loss 14.896228975942032 total_impedance_violation 0.00014784610188891786 dtc_count 11.16187858581543
iter 88: loss 15.042712635780877 total_impedance_violation 0.00014907906345511978 dtc_count 13.480628967285156
iter 89: loss 16.510646405662524 total_impedance_violation 0.00016419676053370464 dtc_count 9.09703540802002
iter 90: loss 15.702492204493902 total_impedance_violation 0.00015607205008155725 dtc_count 9.528719902038574
iter 91: loss 14.967347182949846 total_impedance_violation 0.0001485223017694599 dtc_count 11.511700630187988
iter 92: loss 15.091815486792763 total_impedance_violation 0.00014963069170955857 dtc_count 12.874631881713867
iter 93: loss 12.91355630333935 total_impedance_violation 0.00012745398874836313 dtc_count 16.81574249267578
iter 94: loss 14.913137243714582 total_impedance_violation 0.00014790668325152646 dtc_count 12.246891975402832
iter 95: loss 16.572758761830624 total_impedance_violation 0.0001648974677700549 dtc_count 8.301198959350586
iter 96: loss 16.180428399263032 total_impedance_violation 0.00016089872597275384 dtc_count 9.055580139160156
iter 97: loss 16.552460102433237 total_impedance_violation 0.00016466975448721917 dtc_count 8.548465728759766
iter 98: loss 15.247403061966246 total_impedance_violation 0.00015144697143713778 dtc_count 10.270591735839844
iter 99: loss 15.708374708856589 total_impedance_violation 0.00015575889840687757 dtc_count 13.248486518859863
iter 100: loss 15.378413798203717 total_impedance_violation 0.00015304404111495266 dtc_count 7.4009690284729
iter 101: loss 16.262503878452947 total_impedance_violation 0.00016163557128288914 dtc_count 9.894675254821777
iter 102: loss 15.980184228339315 total_impedance_violation 0.00015891730585315347 dtc_count 8.845364570617676
iter 103: loss 16.80177819370594 total_impedance_violation 0.00016685623604946993 dtc_count 11.615459442138672
iter 104: loss 16.009330478992833 total_impedance_violation 0.00015902673234727754 dtc_count 10.665724754333496
iter 105: loss 16.26660784827592 total_impedance_violation 0.000161676634748471 dtc_count 9.894437789916992
iter 106: loss 15.567970240550146 total_impedance_violation 0.0001543930282636176 dtc_count 12.866741180419922
iter 107: loss 15.778552307120753 total_impedance_violation 0.00015689753940633728 dtc_count 8.879837036132812
iter 108: loss 15.803747468924929 total_impedance_violation 0.00015700509057677199 dtc_count 10.323841094970703
iter 109: loss 16.65472961363757 total_impedance_violation 0.00016564059020554665 dtc_count 9.067059516906738
iter 110: loss 15.633704841006042 total_impedance_violation 0.00015510432548690082 dtc_count 12.327229499816895
iter 111: loss 15.843117919356505 total_impedance_violation 0.0001575709199586598 dtc_count 8.602592468261719
iter 112: loss 16.593215221585393 total_impedance_violation 0.00016513021903158783 dtc_count 8.019331932067871
iter 113: loss 18.361630337863907 total_impedance_violation 0.00018285786355465397 dtc_count 7.58439826965332
iter 114: loss 15.91105142389133 total_impedance_violation 0.00015813871139331602 dtc_count 9.718029022216797
iter 115: loss 16.937484309794073 total_impedance_violation 0.0001688474056941426 dtc_count 5.274374008178711
iter 116: loss 15.61915206512095 total_impedance_violation 0.00015516114432119146 dtc_count 10.303763389587402
iter 117: loss 14.887912329728989 total_impedance_violation 0.00014761111941631225 dtc_count 12.680039405822754
iter 118: loss 18.019321703518177 total_impedance_violation 0.00017963818353766941 dtc_count 5.550334930419922
iter 119: loss 16.122638051055993 total_impedance_violation 0.00016031282913529004 dtc_count 9.135514259338379
iter 120: loss 17.98491269862306 total_impedance_violation 0.00017856983532663702 dtc_count 12.792917251586914
iter 121: loss 18.31439954199672 total_impedance_violation 0.00018231576488994365 dtc_count 8.282305717468262
iter 122: loss 18.627662518705524 total_impedance_violation 0.00018562694297815955 dtc_count 6.496822357177734
iter 123: loss 17.95991334275405 total_impedance_violation 0.000179051971393923 dtc_count 5.471620559692383
iter 124: loss 17.990904720057014 total_impedance_violation 0.00017933543065119746 dtc_count 5.736165523529053
iter 125: loss 17.871111933461396 total_impedance_violation 0.0001780828421222326 dtc_count 6.282772064208984
iter 126: loss 16.456240876812718 total_impedance_violation 0.00016365288256902478 dtc_count 9.09526252746582
iter 127: loss 18.653308169740125 total_impedance_violation 0.000185850418450412 dtc_count 6.826632499694824
iter 128: loss 17.321700721844884 total_impedance_violation 0.00017278641860797854 dtc_count 4.305886268615723
iter 129: loss 18.548288731041087 total_impedance_violation 0.0001849775218418492 dtc_count 5.053654670715332
iter 130: loss 16.12507561045841 total_impedance_violation 0.00016051940785824812 dtc_count 7.313482284545898
iter 131: loss 18.741220286307012 total_impedance_violation 0.00018671139477011834 dtc_count 7.008081436157227
iter 132: loss 17.087833174736488 total_impedance_violation 0.00017033941251457917 dtc_count 5.389192581176758
iter 133: loss 17.254737484329493 total_impedance_violation 0.00017192910655462295 dtc_count 6.182682991027832
iter 134: loss 18.106718111617337 total_impedance_violation 0.00018019915457649004 dtc_count 8.680265426635742
iter 135: loss 18.398979408941354 total_impedance_violation 0.00018367152499309863 dtc_count 3.1826910972595215
iter 136: loss 18.6397843751468 total_impedance_violation 0.00018591296946571045 dtc_count 4.848742961883545
iter 137: loss 16.056654239687234 total_impedance_violation 0.00015979047591480522 dtc_count 7.760664939880371
iter 138: loss 19.095948792624217 total_impedance_violation 0.0001903711342029546 dtc_count 5.883537292480469
iter 139: loss 18.57508875558292 total_impedance_violation 0.00018513269567286127 dtc_count 6.181919097900391
iter 140: loss 15.851114752398688 total_impedance_violation 0.00015763533654319006 dtc_count 8.758110046386719
iter 141: loss 16.32121801121972 total_impedance_violation 0.0001626304825513504 dtc_count 5.8169755935668945
iter 142: loss 16.29370651063239 total_impedance_violation 0.00016209229451089258 dtc_count 8.44770622253418
iter 143: loss 18.27006845764141 total_impedance_violation 0.00018228681078471948 dtc_count 4.13873815536499
iter 144: loss 17.93536565367131 total_impedance_violation 0.0001787610723365097 dtc_count 5.92584228515625
iter 145: loss 19.275653719429386 total_impedance_violation 0.00019227583828840863 dtc_count 4.8069891929626465
iter 146: loss 16.475086334080807 total_impedance_violation 0.00016404543424875846 dtc_count 7.054291248321533
iter 147: loss 16.259712248254772 total_impedance_violation 0.00016155018246878143 dtc_count 10.469400405883789
iter 148: loss 18.461091589212838 total_impedance_violation 0.000184043945335154 dtc_count 5.669705867767334
iter 149: loss 18.613587523022403 total_impedance_violation 0.00018541732916751614 dtc_count 7.185460567474365
iter 150: loss 18.89305784456493 total_impedance_violation 0.00018840136199221625 dtc_count 5.2921648025512695
iter 151: loss 17.83457543140508 total_impedance_violation 0.0001779425050502874 dtc_count 4.032492637634277
iter 152: loss 19.209077248456637 total_impedance_violation 0.00019157148746880452 dtc_count 5.192850112915039
iter 153: loss 18.64643698869495 total_impedance_violation 0.00018606403461976335 dtc_count 4.003352642059326
iter 154: loss 18.972820904301923 total_impedance_violation 0.00018938577801185172 dtc_count 3.4243102073669434
iter 155: loss 19.308850002646036 total_impedance_violation 0.00019245016423224994 dtc_count 6.383358001708984
iter 156: loss 18.946019715654515 total_impedance_violation 0.00018911663304108046 dtc_count 3.435641288757324
iter 157: loss 16.916310956597254 total_impedance_violation 0.00016848774706840441 dtc_count 6.753625392913818
iter 158: loss 16.86791692757416 total_impedance_violation 0.00016805250123975757 dtc_count 6.266680717468262
iter 159: loss 19.484196745922926 total_impedance_violation 0.00019438730382492902 dtc_count 4.546636581420898
iter 160: loss 17.040547083073896 total_impedance_violation 0.00016963858100527566 dtc_count 7.668898582458496
iter 161: loss 17.951821578781406 total_impedance_violation 0.00017891754487644234 dtc_count 6.006709098815918
iter 162: loss 19.103828972851957 total_impedance_violation 0.00019055723751610246 dtc_count 4.810522079467773
iter 163: loss 17.94448863158321 total_impedance_violation 0.00017865763971603867 dtc_count 7.872466087341309
iter 164: loss 17.036371491520132 total_impedance_violation 0.00016981721073059764 dtc_count 5.4650421142578125
iter 165: loss 19.790279620709708 total_impedance_violation 0.00019750863389494708 dtc_count 3.9416232109069824
iter 166: loss 18.442704564306712 total_impedance_violation 0.0001840752717700956 dtc_count 3.5177388191223145
iter 167: loss 17.959515992590116 total_impedance_violation 0.0001791744022447698 dtc_count 4.207576751708984
iter 168: loss 19.099257585732026 total_impedance_violation 0.00019056489681033178 dtc_count 4.276790618896484
iter 169: loss 18.36775408452217 total_impedance_violation 0.0001831587362056438 dtc_count 5.188046455383301
iter 170: loss 17.531110864585475 total_impedance_violation 0.0001748623173729165 dtc_count 4.487912654876709
iter 171: loss 17.340705263824507 total_impedance_violation 0.00017302495840401693 dtc_count 3.8209424018859863
iter 172: loss 18.4371402728354 total_impedance_violation 0.0001840191213218322 dtc_count 3.5228142738342285
iter 173: loss 16.91917290401644 total_impedance_violation 0.0001686553153258747 dtc_count 5.364137172698975
iter 174: loss 15.441793128240208 total_impedance_violation 0.00015368498093772034 dtc_count 7.329503536224365
iter 175: loss 19.389435803285572 total_impedance_violation 0.00019344434698811505 dtc_count 4.500110626220703
iter 176: loss 19.58987578236372 total_impedance_violation 0.00019562656954385944 dtc_count 2.7218828201293945
iter 177: loss 17.553196541520425 total_impedance_violation 0.0001749435283571727 dtc_count 5.884370803833008
iter 178: loss 18.118063700415757 total_impedance_violation 0.00018073482778885032 dtc_count 4.458092212677002
iter 179: loss 17.832584980520732 total_impedance_violation 0.00017758247639629372 dtc_count 7.433733940124512
iter 180: loss 18.946022303239246 total_impedance_violation 0.00018888349288538833 dtc_count 5.767301559448242
iter 181: loss 17.9589489264171 total_impedance_violation 0.0001791219871619152 dtc_count 4.675021171569824
iter 182: loss 19.218149331959108 total_impedance_violation 0.00019157944926621534 dtc_count 6.020440578460693
iter 183: loss 18.881227899391753 total_impedance_violation 0.00018851505147342187 dtc_count 2.9722752571105957
iter 184: loss 19.215999997287472 total_impedance_violation 0.00019179078730821093 dtc_count 3.692126750946045
iter 185: loss 19.274742284760904 total_impedance_violation 0.00019249158302293251 dtc_count 2.5583982467651367
iter 186: loss 19.335943492287083 total_impedance_violation 0.0001928506024011342 dtc_count 5.088325500488281
iter 187: loss 17.97861627969869 total_impedance_violation 0.00017939530977196776 dtc_count 3.9085302352905273
iter 188: loss 17.976237955003203 total_impedance_violation 0.00017936647540389716 dtc_count 3.9590415954589844
iter 189: loss 19.05232301425609 total_impedance_violation 0.00019016022120383114 dtc_count 3.630089282989502
iter 190: loss 19.271881182374557 total_impedance_violation 0.00019227177844079337 dtc_count 4.470334053039551
iter 191: loss 18.044218860501818 total_impedance_violation 0.0001799744860821443 dtc_count 4.677025318145752
iter 192: loss 19.549141636367498 total_impedance_violation 0.00019518114421765862 dtc_count 3.1027214527130127
iter 193: loss 16.66127445056841 total_impedance_violation 0.000165992691095154 dtc_count 6.200534343719482
iter 194: loss 19.046608989116077 total_impedance_violation 0.00019002295077767497 dtc_count 4.43139123916626
iter 195: loss 19.349113419395003 total_impedance_violation 0.00019319481294345173 dtc_count 2.963212490081787
iter 196: loss 19.075534420376904 total_impedance_violation 0.00019039356949096807 dtc_count 3.6177473068237305
iter 197: loss 19.304645975161076 total_impedance_violation 0.00019275287893641473 dtc_count 2.9358081817626953
iter 198: loss 17.488889303127273 total_impedance_violation 0.0001742112253240679 dtc_count 6.776677131652832
iter 199: loss 18.069663600269806 total_impedance_violation 0.00018031493817661059 dtc_count 3.8169782161712646
iter 200: loss 18.86636611863491 total_impedance_violation 0.00018836801037634584 dtc_count 2.956508159637451
iter 201: loss 18.897801165207735 total_impedance_violation 0.0001883256374739062 dtc_count 6.523742198944092
iter 202: loss 18.442820597564896 total_impedance_violation 0.00018390638530379254 dtc_count 5.218206882476807
iter 203: loss 19.387909973265643 total_impedance_violation 0.00019343391901107545 dtc_count 4.451807498931885
iter 204: loss 18.430426126010104 total_impedance_violation 0.00018378979747779055 dtc_count 5.1446380615234375
iter 205: loss 18.226393810547336 total_impedance_violation 0.00018185709568745837 dtc_count 4.068424224853516
iter 206: loss 18.120840694134785 total_impedance_violation 0.0001805447469217117 dtc_count 6.636600494384766
iter 207: loss 19.313342277037062 total_impedance_violation 0.00019285103606136598 dtc_count 2.823867082595825
iter 208: loss 18.93886564569864 total_impedance_violation 0.0001889060992645416 dtc_count 4.8255720138549805
iter 209: loss 19.610238822180634 total_impedance_violation 0.00019546631077308065 dtc_count 6.360774993896484
iter 210: loss 17.884370381204963 total_impedance_violation 0.00017823933208553673 dtc_count 6.043717384338379
iter 211: loss 18.233997796983694 total_impedance_violation 0.00018196350735933756 dtc_count 3.7647061347961426
iter 212: loss 19.133498520566825 total_impedance_violation 0.00019092101332708006 dtc_count 4.139719009399414
iter 213: loss 19.351079625197997 total_impedance_violation 0.00019318766792425266 dtc_count 3.23128342628479
iter 214: loss 18.6581428173831 total_impedance_violation 0.0001861671078688412 dtc_count 4.143203258514404
iter 215: loss 19.557236014809742 total_impedance_violation 0.00019492257035281791 dtc_count 6.497898101806641
iter 216: loss 18.262491771106177 total_impedance_violation 0.00018209619325671846 dtc_count 5.28724479675293
iter 217: loss 19.848543954967656 total_impedance_violation 0.0001982439231309215 dtc_count 2.4151642322540283
iter 218: loss 19.500543375876333 total_impedance_violation 0.00019438830768134975 dtc_count 6.171260833740234
iter 219: loss 18.17680985402612 total_impedance_violation 0.00018142440098489805 dtc_count 3.4369757175445557
iter 220: loss 18.923381396341682 total_impedance_violation 0.0001885246238182819 dtc_count 7.0919013023376465
iter 221: loss 18.736253489150773 total_impedance_violation 0.00018665770639076005 dtc_count 7.048285484313965
iter 222: loss 17.945935399796838 total_impedance_violation 0.00017900492904301756 dtc_count 4.544249534606934
iter 223: loss 19.281373590738898 total_impedance_violation 0.00019238783278079156 dtc_count 4.259031295776367
iter 224: loss 19.540531844977345 total_impedance_violation 0.00019510962060798013 dtc_count 2.9569785594940186
iter 225: loss 19.083851011659455 total_impedance_violation 0.00019034550545926642 dtc_count 4.930046558380127
iter 226: loss 16.777762963524093 total_impedance_violation 0.00016731981503864755 dtc_count 4.578145980834961
iter 227: loss 18.204218790863116 total_impedance_violation 0.0001817950923461135 dtc_count 2.4709556102752686
iter 228: loss 19.088104910201686 total_impedance_violation 0.00019052152692324774 dtc_count 3.595221996307373
iter 229: loss 18.145083051088047 total_impedance_violation 0.00018114911520766805 dtc_count 3.017153024673462
iter 230: loss 17.4512128536613 total_impedance_violation 0.00017399178144058707 dtc_count 5.2034711837768555
iter 231: loss 18.13015367940291 total_impedance_violation 0.00018091598958822332 dtc_count 3.8554720878601074
iter 232: loss 15.993691627964058 total_impedance_violation 0.0001593344972385434 dtc_count 6.024190425872803
iter 233: loss 18.377585465907693 total_impedance_violation 0.00018350832606553672 dtc_count 2.675286054611206
iter 234: loss 19.93806670002902 total_impedance_violation 0.00019911868538263086 dtc_count 2.619816303253174
iter 235: loss 19.666000495301123 total_impedance_violation 0.00019644426730097768 dtc_count 2.157376527786255
iter 236: loss 16.68817452986744 total_impedance_violation 0.00016614276355998784 dtc_count 7.389817237854004
iter 237: loss 19.49131802793846 total_impedance_violation 0.00019442572317535732 dtc_count 4.874571323394775
iter 238: loss 19.177021633599445 total_impedance_violation 0.00019154732459921882 dtc_count 2.228917360305786
iter 239: loss 18.13520788659971 total_impedance_violation 0.00018104216740258742 dtc_count 3.0991146564483643
iter 240: loss 19.42820610074882 total_impedance_violation 0.0001937430845542435 dtc_count 5.389764785766602
iter 241: loss 18.194676412583473 total_impedance_violation 0.0001815308872827995 dtc_count 4.158768653869629
iter 242: loss 18.316867797274423 total_impedance_violation 0.00018278416073520015 dtc_count 3.84517240524292
iter 243: loss 18.660696041889505 total_impedance_violation 0.00018641267639704065 dtc_count 1.942840337753296
iter 244: loss 19.65928392954728 total_impedance_violation 0.00019622360327323883 dtc_count 3.6923604011535645
iter 245: loss 19.327123067926117 total_impedance_violation 0.00019287922247897336 dtc_count 3.9200820922851562
iter 246: loss 19.89154287808466 total_impedance_violation 0.00019875335307874563 dtc_count 1.6207571029663086
iter 247: loss 19.5657040222643 total_impedance_violation 0.00019512773726796924 dtc_count 5.29302978515625
iter 248: loss 18.33162732436208 total_impedance_violation 0.0001828746343045382 dtc_count 4.416389465332031
iter 249: loss 19.791424861595736 total_impedance_violation 0.00019778889710501537 dtc_count 1.2535151243209839
iter 250: loss 20.00843658195839 total_impedance_violation 0.00019991536929179286 dtc_count 1.6899652481079102
iter 251: loss 19.723808302138476 total_impedance_violation 0.0001970429963671091 dtc_count 1.9508665800094604
iter 252: loss 17.952778897452507 total_impedance_violation 0.00017912688880431806 dtc_count 4.009001731872559
iter 253: loss 19.39777588839201 total_impedance_violation 0.0001937126744719712 dtc_count 2.650844097137451
iter 254: loss 18.397641246862417 total_impedance_violation 0.00018349672293014533 dtc_count 4.796895503997803
iter 255: loss 17.76425324828992 total_impedance_violation 0.00017706377011553144 dtc_count 5.787623882293701
iter 256: loss 19.727599796209972 total_impedance_violation 0.00019710536465351026 dtc_count 1.7063331604003906
iter 257: loss 18.063072996914123 total_impedance_violation 0.00017997749912321303 dtc_count 6.532308578491211
iter 258: loss 17.33394991085167 total_impedance_violation 0.00017293890597673605 dtc_count 4.005931377410889
iter 259: loss 19.408787852786293 total_impedance_violation 0.0001937131832789611 dtc_count 3.746952533721924
iter 260: loss 17.991028324525157 total_impedance_violation 0.00017942321442823212 dtc_count 4.870688438415527
iter 261: loss 19.90203719722235 total_impedance_violation 0.00019864912414421673 dtc_count 3.7124783992767334
iter 262: loss 18.827047716444138 total_impedance_violation 0.00018784002929543857 dtc_count 4.304478645324707
iter 263: loss 18.54203602891609 total_impedance_violation 0.00018528420669363887 dtc_count 1.3615360260009766
iter 264: loss 19.731363714668316 total_impedance_violation 0.0001968338788765983 dtc_count 4.797582626342773
iter 265: loss 16.806172230430978 total_impedance_violation 0.00016738417015561 dtc_count 6.775521278381348
iter 266: loss 19.56237071283779 total_impedance_violation 0.00019524670860699033 dtc_count 3.7699851989746094
iter 267: loss 16.46097632711082 total_impedance_violation 0.00016388598645378645 dtc_count 7.237768173217773
iter 268: loss 18.179439677987297 total_impedance_violation 0.00018154369688723286 dtc_count 2.5069990158081055
iter 269: loss 18.526101507666677 total_impedance_violation 0.00018506654918614 dtc_count 1.9446589946746826
iter 270: loss 19.666912018550523 total_impedance_violation 0.00019644055986074694 dtc_count 2.2856032848358154
iter 271: loss 18.148015674651166 total_impedance_violation 0.00018112594895512363 dtc_count 3.5420780181884766
iter 272: loss 19.92248198086543 total_impedance_violation 0.00019898858501335217 dtc_count 2.3623480796813965
iter 273: loss 18.73894550535369 total_impedance_violation 0.00018707640881422043 dtc_count 3.130462408065796
iter 274: loss 19.513082974992024 total_impedance_violation 0.0001948892579919778 dtc_count 2.415717601776123
iter 275: loss 17.804688241387016 total_impedance_violation 0.00017758191127384312 dtc_count 4.649711608886719
iter 276: loss 18.41460581449133 total_impedance_violation 0.00018398269967635094 dtc_count 1.63358473777771
iter 277: loss 19.21285046950506 total_impedance_violation 0.00019167202758943306 dtc_count 4.5647711753845215
iter 278: loss 17.249185503975184 total_impedance_violation 0.0001722047064784232 dtc_count 2.871485710144043
iter 279: loss 19.84146049796424 total_impedance_violation 0.00019830023093994772 dtc_count 1.1437404155731201
iter 280: loss 18.11722748154395 total_impedance_violation 0.00018065414080262114 dtc_count 5.181340217590332
iter 281: loss 19.70732846917454 total_impedance_violation 0.00019683330715315975 dtc_count 2.399775505065918
iter 282: loss 20.04289952264049 total_impedance_violation 0.00020018420163252137 dtc_count 2.4479360580444336
iter 283: loss 19.82172814915673 total_impedance_violation 0.00019786249408226171 dtc_count 3.5478742122650146
iter 284: loss 19.62447451915495 total_impedance_violation 0.00019529336371681616 dtc_count 9.513814926147461
iter 285: loss 18.472237237775197 total_impedance_violation 0.00018417071663820615 dtc_count 5.516557693481445
iter 286: loss 19.952283471353486 total_impedance_violation 0.00019932972048871352 dtc_count 1.9311423301696777
iter 287: loss 20.084770843955532 total_impedance_violation 0.00020063824844184175 dtc_count 2.094599962234497
iter 288: loss 18.664231405729545 total_impedance_violation 0.00018632574536973727 dtc_count 3.165686845779419
iter 289: loss 17.210541696822006 total_impedance_violation 0.00017149813206469375 dtc_count 6.072849273681641
iter 290: loss 19.91023970794797 total_impedance_violation 0.00019898342713051736 dtc_count 1.1896995306015015
iter 291: loss 19.24948434917252 total_impedance_violation 0.00019195452697705435 dtc_count 5.403165340423584
iter 292: loss 19.369602757316265 total_impedance_violation 0.00019340975434329542 dtc_count 2.862732410430908
iter 293: loss 20.018028450115516 total_impedance_violation 0.00020007834117776645 dtc_count 1.0194332599639893
iter 294: loss 17.313651874063318 total_impedance_violation 0.0001726394543364436 dtc_count 4.970643997192383
iter 295: loss 19.337739651234205 total_impedance_violation 0.0001928126286077624 dtc_count 5.647679328918457
iter 296: loss 19.779942856063656 total_impedance_violation 0.0001974758406438451 dtc_count 3.235879421234131
iter 297: loss 18.530103253539263 total_impedance_violation 0.00018480831174518523 dtc_count 4.927207946777344
iter 298: loss 19.511272162215434 total_impedance_violation 0.0001943923339994403 dtc_count 7.203876495361328
iter 299: loss 17.00448353238035 total_impedance_violation 0.00016958136443268545 dtc_count 4.634708881378174
iter 300: loss 17.699722180891282 total_impedance_violation 0.00017673541757095104 dtc_count 2.618042469024658
iter 301: loss 19.48124177419459 total_impedance_violation 0.00019460124494888534 dtc_count 2.1117279529571533
iter 302: loss 18.254117634470585 total_impedance_violation 0.0001823173950272334 dtc_count 2.2378132343292236
iter 303: loss 18.325914954543187 total_impedance_violation 0.00018299936767444087 dtc_count 2.5978188514709473
iter 304: loss 19.907026193645375 total_impedance_violation 0.000198657910708157 dtc_count 4.123512268066406
iter 305: loss 19.858618521302585 total_impedance_violation 0.00019822275475769882 dtc_count 3.6343045234680176
iter 306: loss 17.80052216555541 total_impedance_violation 0.00017768929602760724 dtc_count 3.1592562198638916
iter 307: loss 19.01628731794668 total_impedance_violation 0.0001898523564867688 dtc_count 3.1051669120788574
iter 308: loss 20.08397639450867 total_impedance_violation 0.00020061989805672954 dtc_count 2.1986589431762695
iter 309: loss 18.245242376393474 total_impedance_violation 0.00018219124315819538 dtc_count 2.6118061542510986
iter 310: loss 18.007898267170212 total_impedance_violation 0.00017967323425968905 dtc_count 4.057484149932861
iter 311: loss 18.716098974679856 total_impedance_violation 0.00018680083866452125 dtc_count 3.601510763168335
iter 312: loss 18.338991063852085 total_impedance_violation 0.00018293205610681547 dtc_count 4.578545570373535
iter 313: loss 17.145579667141465 total_impedance_violation 0.0001710856021319869 dtc_count 3.7019453048706055
iter 314: loss 19.901848907385776 total_impedance_violation 0.00019870263906930397 dtc_count 3.1584999561309814
iter 315: loss 19.698544016074045 total_impedance_violation 0.00019674730312045318 dtc_count 2.3813705444335938
iter 316: loss 18.419085183300353 total_impedance_violation 0.00018399658463083484 dtc_count 1.9426720142364502
iter 317: loss 15.904754807330395 total_impedance_violation 0.00015846018523998286 dtc_count 5.873628616333008
iter 318: loss 19.72071514414249 total_impedance_violation 0.00019679303554311374 dtc_count 4.1411590576171875
iter 319: loss 19.894768842521987 total_impedance_violation 0.0001987693174279102 dtc_count 1.78371000289917
iter 320: loss 17.5542885116559 total_impedance_violation 0.00017534994126788947 dtc_count 1.929438591003418
iter 321: loss 19.683289452882313 total_impedance_violation 0.00019665546813474796 dtc_count 1.7742639780044556
iter 322: loss 19.87540867889367 total_impedance_violation 0.0001985839509556137 dtc_count 1.7013583183288574
iter 323: loss 18.583592945384748 total_impedance_violation 0.0001853465140019632 dtc_count 4.8941545486450195
iter 324: loss 18.279232283583603 total_impedance_violation 0.00018241890606931173 dtc_count 3.7341675758361816
iter 325: loss 19.47863340152313 total_impedance_violation 0.00019443133325855035 dtc_count 3.5500075817108154
iter 326: loss 17.995785098277373 total_impedance_violation 0.00017940908159815117 dtc_count 5.487693786621094
iter 327: loss 19.83709601608971 total_impedance_violation 0.00019825704617592782 dtc_count 1.1391398906707764
iter 328: loss 19.91227205421895 total_impedance_violation 0.0001989532921228677 dtc_count 1.6942843198776245
iter 329: loss 20.049726942729894 total_impedance_violation 0.000200370170466497 dtc_count 1.2709896564483643
iter 330: loss 16.825285102159086 total_impedance_violation 0.00016762123423546855 dtc_count 6.316168308258057
iter 331: loss 18.95556626694191 total_impedance_violation 0.00018943924622069188 dtc_count 1.1641645431518555
iter 332: loss 19.481195010662987 total_impedance_violation 0.00019439614046783162 dtc_count 4.1580963134765625
iter 333: loss 18.257733743819312 total_impedance_violation 0.00018226001020702436 dtc_count 3.1732723712921143
iter 334: loss 19.5041056886852 total_impedance_violation 0.0001947348426064255 dtc_count 3.062142848968506
iter 335: loss 18.61933177625918 total_impedance_violation 0.00018594774301258562 dtc_count 2.455747604370117
iter 336: loss 17.259200221102308 total_impedance_violation 0.0001722496111522205 dtc_count 3.423910617828369
iter 337: loss 17.621570819761715 total_impedance_violation 0.0001757621489628788 dtc_count 4.535592555999756
iter 338: loss 17.956118361301684 total_impedance_violation 0.00017923975040413402 dtc_count 3.214332103729248
iter 339: loss 19.87546694071017 total_impedance_violation 0.00019841295840004308 dtc_count 3.417109966278076
iter 340: loss 18.388292437368488 total_impedance_violation 0.00018364265331947662 dtc_count 2.4027106761932373
iter 341: loss 20.09066896533672 total_impedance_violation 0.00020080804237370233 dtc_count 0.9864728450775146
iter 342: loss 20.01375254415192 total_impedance_violation 0.0001999146159537353 dtc_count 2.229094982147217
iter 343: loss 19.944658085721333 total_impedance_violation 0.00019929582764412063 dtc_count 1.5075321197509766
iter 344: loss 18.3205469640488 total_impedance_violation 0.00018278928948431666 dtc_count 4.161801815032959
iter 345: loss 18.12620785411721 total_impedance_violation 0.00018054800722266492 dtc_count 7.140713214874268
iter 346: loss 19.500846756079877 total_impedance_violation 0.00019459298485347714 dtc_count 4.154827117919922
iter 347: loss 17.277734698711413 total_impedance_violation 0.00017243017112819929 dtc_count 3.4717588424682617
iter 348: loss 16.485337646780696 total_impedance_violation 0.00016424035476623263 dtc_count 6.1302170753479
iter 349: loss 19.882738616832743 total_impedance_violation 0.0001986460507526363 dtc_count 1.813354253768921
iter 350: loss 19.777378652803076 total_impedance_violation 0.00019755001050047053 dtc_count 2.237760305404663
iter 351: loss 19.955622127715024 total_impedance_violation 0.00019912344331357153 dtc_count 4.327779769897461
iter 352: loss 19.232823138103953 total_impedance_violation 0.00019191805687711707 dtc_count 4.101745128631592
iter 353: loss 18.31101758270973 total_impedance_violation 0.00018276087841535748 dtc_count 3.492974042892456
iter 354: loss 19.705810015359077 total_impedance_violation 0.00019691926203006062 dtc_count 1.3883812427520752
iter 355: loss 18.50437252814648 total_impedance_violation 0.00018479043977658724 dtc_count 2.5328550338745117
iter 356: loss 19.77618233818311 total_impedance_violation 0.00019749620090757792 dtc_count 2.6562247276306152
iter 357: loss 18.251326738753285 total_impedance_violation 0.00018216192594625917 dtc_count 3.5134143829345703
iter 358: loss 19.698234467242095 total_impedance_violation 0.00019671498135138485 dtc_count 2.673633337020874
iter 359: loss 19.90050000576091 total_impedance_violation 0.00019874911159926774 dtc_count 2.558884620666504
iter 360: loss 19.160419083366527 total_impedance_violation 0.00019139397273937596 dtc_count 2.1021809577941895
iter 361: loss 18.181884410695424 total_impedance_violation 0.0001813552348213016 dtc_count 4.6360931396484375
iter 362: loss 16.19993769167896 total_impedance_violation 0.00016145446842303235 dtc_count 5.449085235595703
iter 363: loss 20.100652536250948 total_impedance_violation 0.00020079140690960288 dtc_count 2.151184558868408
iter 364: loss 19.740993423033473 total_impedance_violation 0.00019713337693009494 dtc_count 2.765573024749756
iter 365: loss 17.060758462532114 total_impedance_violation 0.00017015746122582505 dtc_count 4.50123405456543
iter 366: loss 19.972752515286906 total_impedance_violation 0.00019951820792690617 dtc_count 2.093172311782837
iter 367: loss 19.815847773381595 total_impedance_violation 0.00019786286464237694 dtc_count 2.9561309814453125
iter 368: loss 17.473544255694296 total_impedance_violation 0.00017412190534969713 dtc_count 6.135372161865234
iter 369: loss 19.75231302392825 total_impedance_violation 0.00019699943470332466 dtc_count 5.236955642700195
iter 370: loss 19.839695825546507 total_impedance_violation 0.00019826608120768787 dtc_count 1.3087705373764038
iter 371: loss 20.09128333707036 total_impedance_violation 0.00020080584614394918 dtc_count 1.069872260093689
iter 372: loss 16.94975275592749 total_impedance_violation 0.00016876773730384757 dtc_count 7.297902584075928
iter 373: loss 18.69356163109816 total_impedance_violation 0.00018650732482626802 dtc_count 4.282915115356445
iter 374: loss 18.457108702470627 total_impedance_violation 0.00018428313242231575 dtc_count 2.8795461654663086
iter 375: loss 19.97764932158225 total_impedance_violation 0.00019965936464060176 dtc_count 1.1712857484817505
iter 376: loss 20.14379972468083 total_impedance_violation 0.00020114297833917188 dtc_count 2.9501891136169434
iter 418: loss 18.707344283798356 total_impedance_violation 0.00018676269160100838 dtc_count 3.1075124740600586
iter 419: loss 18.668202639129017 total_impedance_violation 0.00018625404213126753 dtc_count 4.279842853546143
iter 420: loss 18.63183883976129 total_impedance_violation 0.00018606033008805784 dtc_count 2.580583095550537
iter 421: loss 19.557337879191863 total_impedance_violation 0.0001949850943217777 dtc_count 5.882844924926758
iter 422: loss 16.81725864800554 total_impedance_violation 0.00016774860835996685 dtc_count 4.239781379699707
iter 423: loss 20.007717318596047 total_impedance_violation 0.00019999677158655328 dtc_count 0.8040159940719604
iter 424: loss 19.226685073347248 total_impedance_violation 0.0001918252050143615 dtc_count 4.416457176208496
iter 425: loss 20.114837015148616 total_impedance_violation 0.00020086511692133163 dtc_count 2.8325324058532715
iter 426: loss 19.899209726265482 total_impedance_violation 0.00019877797342500501 dtc_count 2.1412384510040283
iter 427: loss 19.728687360051556 total_impedance_violation 0.0001968199413931696 dtc_count 4.6693220138549805
iter 428: loss 19.80405274671937 total_impedance_violation 0.0001979224372548486 dtc_count 1.180902123451233
iter 429: loss 17.160379100334897 total_impedance_violation 0.00017097100216639295 dtc_count 6.327888488769531
iter 430: loss 19.701622541165502 total_impedance_violation 0.00019685579734957367 dtc_count 1.6042805910110474
iter 431: loss 19.605507375386352 total_impedance_violation 0.00019586956690710778 dtc_count 1.8550684452056885
iter 432: loss 17.170518933479812 total_impedance_violation 0.00017141138036419774 dtc_count 2.9380898475646973
iter 433: loss 19.7808676273007 total_impedance_violation 0.00019759253789149603 dtc_count 2.161383867263794
iter 434: loss 17.68046114892338 total_impedance_violation 0.00017647747832542403 dtc_count 3.271331787109375
iter 435: loss 18.240381672710196 total_impedance_violation 0.0001821761750030519 dtc_count 2.2764172554016113
iter 436: loss 19.62167194998173 total_impedance_violation 0.00019589699601291698 dtc_count 3.197235107421875
iter 437: loss 19.87271372943382 total_impedance_violation 0.0001983349287479381 dtc_count 3.9220855236053467
iter 438: loss 18.58190689990002 total_impedance_violation 0.00018542336825371565 dtc_count 3.957007646560669
iter 439: loss 20.084870018829545 total_impedance_violation 0.00020075027152729175 dtc_count 0.9842866063117981
iter 440: loss 18.547780068061858 total_impedance_violation 0.00018523716020799784 dtc_count 2.406404733657837
iter 441: loss 19.86131915394835 total_impedance_violation 0.00019822299256368206 dtc_count 3.901989698410034
iter 442: loss 19.362157030486124 total_impedance_violation 0.00019325869935088411 dtc_count 3.628709554672241
iter 443: loss 19.84085025252942 total_impedance_violation 0.00019819376248737613 dtc_count 2.147400379180908
iter 444: loss 19.566636362413377 total_impedance_violation 0.00019546952872837394 dtc_count 1.9683489799499512
iter 445: loss 20.174605195789265 total_impedance_violation 0.0002013383625951283 dtc_count 4.0768938064575195
iter 446: loss 19.571064652224663 total_impedance_violation 0.00019539053705801848 dtc_count 3.20109486579895
iter 447: loss 18.01571256848499 total_impedance_violation 0.00017983406113409247 dtc_count 3.2306456565856934
iter 448: loss 17.538230376707205 total_impedance_violation 0.00017519635109619982 dtc_count 1.8595267534255981
iter 449: loss 18.64041001275154 total_impedance_violation 0.00018630133426934204 dtc_count 1.0276585817337036
iter 450: loss 18.47678153996482 total_impedance_violation 0.00018456881611022494 dtc_count 1.9899928569793701
iter 451: loss 20.104349600615844 total_impedance_violation 0.00020084645508321866 dtc_count 1.9704092741012573
iter 452: loss 17.49222452483887 total_impedance_violation 0.00017433901797158665 dtc_count 5.832273006439209
iter 453: loss 18.245556172340653 total_impedance_violation 0.00018220543261974594 dtc_count 2.501291036605835
iter 454: loss 20.18072604625661 total_impedance_violation 0.00020169973313391096 dtc_count 1.0752732753753662
iter 455: loss 19.842849776001405 total_impedance_violation 0.0001983048792820586 dtc_count 1.23618483543396
iter 456: loss 19.891240621087487 total_impedance_violation 0.00019861074591157372 dtc_count 3.0166029930114746
iter 457: loss 18.501427416812557 total_impedance_violation 0.00018475370706181902 dtc_count 2.6056711673736572
iter 458: loss 19.215832362391062 total_impedance_violation 0.00019180844137884685 dtc_count 3.4988226890563965
iter 459: loss 17.970801439508378 total_impedance_violation 0.00017915470142289579 dtc_count 5.533129692077637
iter 460: loss 17.99201431017659 total_impedance_violation 0.0001795099069815419 dtc_count 4.10236120223999
iter 461: loss 20.120008559149586 total_impedance_violation 0.00020089913700890624 dtc_count 3.009485960006714
iter 462: loss 19.858447999536086 total_impedance_violation 0.00019817390543251323 dtc_count 4.105745792388916
iter 463: loss 20.145820931799957 total_impedance_violation 0.00020133694600582368 dtc_count 1.2126331329345703
iter 464: loss 19.72812141528434 total_impedance_violation 0.00019699485263359608 dtc_count 2.8636152744293213
iter 465: loss 18.58127144953913 total_impedance_violation 0.00018568997578199273 dtc_count 1.2273871898651123
iter 466: loss 20.15601082137716 total_impedance_violation 0.00020144062457521676 dtc_count 1.1948363780975342
iter 467: loss 20.06862899764472 total_impedance_violation 0.00020053114269962845 dtc_count 1.551472783088684
iter 468: loss 20.050880476176967 total_impedance_violation 0.0002001901153782033 dtc_count 3.186893939971924
iter 469: loss 20.168125861086754 total_impedance_violation 0.00020152163210087327 dtc_count 1.596265196800232
iter 470: loss 18.554597504613998 total_impedance_violation 0.000185369170458895 dtc_count 1.7680459022521973
iter 471: loss 20.114622846625664 total_impedance_violation 0.00020093036730222324 dtc_count 2.15861177444458
iter 472: loss 19.583996693081964 total_impedance_violation 0.00019553276930413951 dtc_count 3.07197642326355
iter 473: loss 17.058771501041353 total_impedance_violation 0.0001701459350318402 dtc_count 4.417799949645996
iter 474: loss 19.840611644163932 total_impedance_violation 0.00019828034871332553 dtc_count 1.2576773166656494
iter 475: loss 18.500765540748496 total_impedance_violation 0.00018483663614019411 dtc_count 1.7101926803588867
iter 476: loss 19.88781751930497 total_impedance_violation 0.000198585546357163 dtc_count 2.926288366317749
iter 477: loss 17.640780445402836 total_impedance_violation 0.00017613762920936916 dtc_count 2.7017524242401123
iter 478: loss 18.786558794701737 total_impedance_violation 0.0001877046114849512 dtc_count 1.6097646951675415
iter 479: loss 20.110732031850667 total_impedance_violation 0.00020095399303226322 dtc_count 1.5332728624343872
iter 480: loss 18.39088354008141 total_impedance_violation 0.00018354896911698014 dtc_count 3.598662853240967
iter 481: loss 19.729023258913994 total_impedance_violation 0.0001970643446200037 dtc_count 2.2588796615600586
iter 482: loss 18.547089381180058 total_impedance_violation 0.000185353578478464 dtc_count 1.1731534004211426
iter 483: loss 20.08696482724735 total_impedance_violation 0.00020063979624055712 dtc_count 2.29852032661438
iter 484: loss 20.020227639172965 total_impedance_violation 0.0001998959064686745 dtc_count 3.063699245452881
iter 485: loss 17.61901454472214 total_impedance_violation 0.00017584389085259738 dtc_count 3.462545871734619
iter 486: loss 19.877347142693214 total_impedance_violation 0.00019857401800599508 dtc_count 1.9945342540740967
iter 487: loss 17.818575566101718 total_impedance_violation 0.00017759542716134239 dtc_count 5.903285026550293
iter 488: loss 19.49645028206123 total_impedance_violation 0.00019441513243490587 dtc_count 5.493703842163086
iter 489: loss 20.0956306033364 total_impedance_violation 0.0002007735669282884 dtc_count 1.8273911476135254
iter 490: loss 18.5619850452392 total_impedance_violation 0.00018523104853495828 dtc_count 3.88801908493042
iter 491: loss 20.175928988508844 total_impedance_violation 0.00020159650552101398 dtc_count 1.6278437376022339
iter 492: loss 20.214967079618255 total_impedance_violation 0.00020204740015016177 dtc_count 1.0227065086364746
iter 493: loss 18.769594991603633 total_impedance_violation 0.00018720854500332612 dtc_count 4.874049186706543
iter 494: loss 18.4827960595407 total_impedance_violation 0.00018452988337344718 dtc_count 2.9807722568511963
iter 495: loss 17.108612788567783 total_impedance_violation 0.00017078411668265702 dtc_count 3.0201120376586914
iter 496: loss 18.566325244496856 total_impedance_violation 0.0001855438481271574 dtc_count 1.1940431594848633
iter 497: loss 20.12248088183645 total_impedance_violation 0.00020099918454390204 dtc_count 2.2562427520751953
iter 498: loss 20.17039215779457 total_impedance_violation 0.00020159811710292137 dtc_count 1.0580447912216187
iter 499: loss 20.176933723372947 total_impedance_violation 0.00020155276237858067 dtc_count 2.1657485961914062
Saved plot: data/plt3/step_1_dtcs_1.png
n:1  worst_impedance.item():1.9051295797380413e-05  ,  target_impedance:0.000390625
Saved plot: data/plt3/step_101_dtcs_101.png
n:101  worst_impedance.item():0.0016202453359155551  ,  target_impedance:0.000390625
Saved plot: data/plt3/step_201_dtcs_201.png
n:201  worst_impedance.item():0.0010435310802370263  ,  target_impedance:0.000390625
Saved plot: data/plt3/step_301_dtcs_301.png
n:301  worst_impedance.item():0.0007769516302857578  ,  target_impedance:0.000390625
Saved plot: data/plt3/step_401_dtcs_401.png
n:401  worst_impedance.item():0.0006333139890993551  ,  target_impedance:0.000390625
Saved plot: data/plt3/step_501_dtcs_501.png
n:501  worst_impedance.item():0.0005286115123656648  ,  target_impedance:0.000390625
Saved plot: data/plt3/step_601_dtcs_601.png
n:601  worst_impedance.item():0.00044624831456416416  ,  target_impedance:0.000390625
time = 9189.367332458496
601