iter 497: loss 20.4573974609375 total_impedance_violation 0.0 dtc_count 20.4573974609375
iter 498: loss 19.082115173339844 total_impedance_violation 0.0 dtc_count 19.082115173339844
iter 499: loss 20.423648834228516 total_impedance_violation 0.0 dtc_count 20.423648834228516
torch.Size([288, 2])
Parameter containing:
tensor([[ 3.9911, -2.1938],
        [ 3.4980, -2.1559],
        [ 3.9414, -2.9500],
        [ 3.3469, -2.2967],
        [ 2.4742, -1.4002],
        [ 4.3465, -2.8183],
        [ 3.6484, -2.2113],
        [ 4.1024, -2.9320],
        [ 4.3036, -2.8442],
        [ 2.4790, -1.5849],
        [ 2.9180, -2.2070],
        [ 4.5198, -3.3911],
        [ 4.4654, -4.0906],
        [ 4.3010, -3.7428],
        [ 3.9002, -3.3468],
        [ 4.2681, -3.2413],
        [ 2.8541, -1.3849],
        [-1.3346,  2.4812],
        [ 3.1887, -1.7067],
        [ 3.6657, -2.7687],
        [ 2.5855, -1.5867],
        [ 3.7458, -2.0890],
        [ 3.3954, -2.3250],
        [ 2.6490, -1.2709],
        [ 3.2114, -2.2622],
        [ 3.2867, -2.9748],
        [ 3.2118, -2.1850],
        [ 4.5790, -3.2279],
        [ 3.4374, -2.2880],
        [ 4.6182, -3.5821],
        [ 4.3115, -3.6213],
        [ 3.8330, -2.8510],
        [ 3.6392, -2.5901],
        [ 3.0686, -1.9502],
        [ 1.9757, -1.5722],
        [ 4.3895, -2.7732],
        [ 3.9096, -2.8411],
        [ 2.4746, -2.3617],
        [ 3.2030, -2.3369],
        [ 3.5938, -1.9993],
        [ 1.9967, -1.5958],
        [ 0.6935,  0.3697],
        [ 3.3714, -2.1866],
        [ 2.5764, -1.6789],
        [ 2.5991, -1.6990],
        [ 3.3620, -2.3837],
        [ 2.0763, -0.4384],
        [ 0.7323, -0.3618],
        [ 3.6523, -2.3631],
        [ 2.3111, -1.9722],
        [ 2.9030, -2.0645],
        [ 4.7035, -4.1325],
        [ 4.5187, -3.8485],
        [ 2.3932, -2.0927],
        [ 2.4659, -2.2219],
        [ 4.3421, -2.7478],
        [ 3.6300, -2.9423],
        [ 3.8079, -3.3027],
        [ 3.4924, -2.8542],
        [ 3.4638, -2.9786],
        [ 2.8814, -2.0661],
        [ 2.9765, -2.3499],
        [ 3.0789, -2.7138],
        [ 2.4651, -2.0309],
        [ 3.2731, -1.9531],
        [ 2.8775, -1.2915],
        [ 1.6679, -0.7452],
        [ 1.6978, -1.0271],
        [-0.4972,  0.5851],
        [ 3.5924, -2.5585],
        [ 3.5931, -2.8087],
        [ 4.1700, -3.1658],
        [ 3.5180, -2.4999],
        [ 4.3791, -2.7173],
        [ 3.3844, -2.3254],
        [ 4.1649, -3.2542],
        [ 3.3313, -2.7604],
        [ 4.2037, -3.1152],
        [ 5.0730, -3.6300],
        [ 3.7795, -2.8873],
        [ 1.6071, -0.0428],
        [ 3.1454, -2.5217],
        [ 0.8978,  0.2371],
        [ 3.4816, -2.2812],
        [ 2.3641, -1.5293],
        [ 2.6639, -1.9409],
        [ 4.1030, -2.9516],
        [-0.4833,  1.0268],
        [ 2.6968, -1.8920],
        [ 4.2059, -3.2896],
        [ 4.0223, -2.6478],
        [ 4.3544, -3.4417],
        [ 5.0736, -3.5499],
        [ 4.4446, -3.3455],
        [ 4.0597, -3.1386],
        [ 4.1614, -3.3988],
        [ 4.3331, -2.5838],
        [ 3.9755, -3.1369],
        [ 2.8337, -1.8562],
        [ 3.3069, -2.0466],
        [ 3.0118, -2.6504],
        [ 5.4720, -3.8561],
        [-1.3471,  2.0208],
        [ 2.8337, -2.5875],
        [ 2.4714, -1.4655],
        [ 0.2237,  1.3260],
        [ 3.3791, -3.1218],
        [ 4.7543, -3.3495],
        [ 3.0097, -2.0669],
        [ 3.9529, -2.9365],
        [ 3.8156, -2.7743],
        [ 2.7914, -2.1190],
        [ 3.3707, -2.5335],
        [ 5.1428, -3.5818],
        [ 3.3130, -3.1551],
        [ 3.5783, -2.6115],
        [ 4.5698, -2.9090],
        [ 5.5088, -4.1203],
        [-1.2400,  1.8549],
        [ 1.6279, -1.5240],
        [ 3.0865, -2.1273],
        [ 2.2224, -1.6108],
        [ 2.9410, -2.3840],
        [ 3.0950, -2.2559],
        [-1.0721,  2.2322],
        [ 1.5072, -1.0344],
        [ 4.6508, -3.9814],
        [ 3.6336, -3.2626],
        [ 5.2892, -4.3575],
        [ 3.6518, -2.1736],
        [ 4.1232, -3.1495],
        [ 4.3616, -3.2384],
        [ 5.4657, -3.8106],
        [ 3.8026, -2.8770],
        [ 4.2457, -3.7783],
        [ 3.6900, -2.9464],
        [ 1.2150,  0.4695],
        [ 3.5401, -2.1851],
        [-1.0324,  1.7340],
        [ 1.6580, -0.8794],
        [ 3.4440, -2.8572],
        [ 1.3149, -0.6047],
        [-0.4011,  1.0380],
        [-0.6339,  1.5690],
        [ 4.6478, -3.3071],
        [ 4.0255, -3.2865],
        [ 3.1465, -3.0846],
        [ 4.4784, -3.5671],
        [ 2.0109, -1.3713],
        [ 3.6554, -2.9836],
        [ 4.6466, -3.7366],
        [ 3.5692, -2.9807],
        [ 4.5242, -3.5119],
        [ 4.1321, -3.1997],
        [ 2.3777, -1.5105],
        [ 1.3779,  0.3186],
        [ 2.7057, -1.9406],
        [ 3.3399, -1.7338],
        [ 3.9909, -2.1627],
        [ 2.4586, -1.4314],
        [ 3.4189, -2.8695],
        [ 3.4053, -1.7787],
        [ 3.7381, -3.4554],
        [ 3.6189, -3.4540],
        [ 3.6075, -3.1170],
        [ 4.3170, -2.8959],
        [ 3.5819, -3.3633],
        [ 4.1249, -3.2481],
        [ 4.5383, -3.3601],
        [ 4.1329, -3.4188],
        [ 4.8247, -3.9865],
        [ 3.5055, -3.2047],
        [ 1.7751, -1.4470],
        [ 1.1945,  0.0469],
        [ 2.6396, -1.8542],
        [ 2.6275, -1.2157],
        [ 4.8354, -3.1769],
        [ 1.4396, -0.8910],
        [ 2.5104, -1.2537],
        [-0.4257,  1.6077],
        [ 2.0271, -1.4988],
        [ 4.4778, -3.9063],
        [ 4.7980, -3.4657],
        [ 4.1042, -3.3845],
        [ 3.5126, -2.9707],
        [ 3.8951, -2.1507],
        [ 3.8794, -3.2354],
        [ 1.8802, -1.4900],
        [ 4.1260, -2.7632],
        [ 3.5408, -2.5856],
        [ 2.5911, -1.6095],
        [ 3.1139, -1.5035],
        [ 1.0559,  0.4060],
        [ 0.7682, -0.3852],
        [ 2.6115, -1.4288],
        [ 2.2719, -1.5827],
        [ 4.0070, -2.4171],
        [ 0.0836,  0.7956],
        [ 1.3501, -0.7019],
        [ 2.8141, -1.8969],
        [ 3.3229, -2.1251],
        [ 4.0728, -3.0104],
        [ 5.2215, -4.7973],
        [ 3.1333, -2.8424],
        [ 4.8937, -3.9921],
        [ 4.5222, -3.8634],
        [ 4.3722, -2.7213],
        [ 4.3587, -3.2443],
        [ 2.5289, -1.5494],
        [ 1.8098, -1.4698],
        [ 3.9562, -3.1632],
        [ 2.9209, -1.9991],
        [ 3.9052, -2.4221],
        [ 2.5066, -2.0568],
        [ 2.3138, -1.3686],
        [ 4.3696, -3.1970],
        [ 1.5142, -0.4333],
        [ 1.6384, -0.7206],
        [ 3.1905, -2.3768],
        [ 4.4947, -3.5329],
        [ 4.2057, -2.9932],
        [ 3.6361, -2.2588],
        [ 4.7160, -3.4788],
        [ 5.0040, -3.9676],
        [ 4.6021, -3.5920],
        [ 4.3054, -3.8371],
        [ 3.6716, -2.9844],
        [ 4.5573, -3.3183],
        [ 2.8849, -1.5597],
        [ 2.7215, -1.9451],
        [ 3.2702, -2.1785],
        [-0.6603,  1.4819],
        [ 2.5156, -1.5836],
        [ 3.4420, -3.1306],
        [ 3.4499, -1.5403],
        [ 3.7895, -2.0482],
        [ 4.9165, -3.6057],
        [ 3.9942, -3.0195],
        [ 3.2923, -2.8889],
        [-2.1718,  3.1171],
        [ 5.4218, -4.3586],
        [ 0.0638,  0.7094],
        [ 3.5888, -3.2090],
        [ 3.6507, -2.4741],
        [ 3.4432, -1.4999],
        [ 3.8003, -2.4787],
        [ 3.9852, -2.8622],
        [ 3.2998, -2.3293],
        [ 2.8264, -1.1748],
        [ 2.1178, -1.4587],
        [ 1.9995, -1.3621],
        [ 3.9008, -2.4426],
        [ 4.0155, -2.3949],
        [ 3.4797, -3.1161],
        [ 3.4028, -2.6048],
        [ 1.6076, -1.0255],
        [ 2.9232, -2.1490],
        [ 3.4869, -3.2190],
        [ 4.2239, -3.2617],
        [ 4.5736, -3.2132],
        [ 4.3268, -3.0722],
        [ 3.8468, -2.5794],
        [ 4.3764, -3.4490],
        [ 4.9579, -3.6711],
        [ 3.5173, -2.3368],
        [ 3.8187, -2.9224],
        [ 4.0023, -2.5913],
        [ 3.8316, -2.5145],
        [ 1.9462, -1.3946],
        [ 1.8383, -0.7722],
        [ 3.2053, -2.5449],
        [ 3.2986, -2.3206],
        [ 2.4976, -0.9795],
        [ 2.4367, -0.7590],
        [ 4.3783, -3.1473],
        [ 3.2746, -2.1455],
        [ 2.7752, -1.6775],
        [ 3.3208, -2.7692],
        [ 3.8393, -2.5591],
        [ 3.7845, -2.0648],
        [ 4.4015, -2.5861],
        [ 2.7511, -2.1545],
        [ 3.4582, -3.1195],
        [ 3.9279, -3.6191],
        [ 2.9196, -2.8412],
        [ 4.5983, -4.3900],
        [ 3.4641, -2.5804],
        [ 4.0735, -2.8052]], requires_grad=True)
tensor([[1.0000e+00, 3.1506e-17],
        [1.0000e+00, 1.2092e-13],
        [9.9990e-01, 9.6386e-05],
        [1.0000e+00, 7.1257e-14],
        [1.0000e+00, 3.6090e-08],
        [1.0000e+00, 1.5104e-15],
        [1.0000e+00, 2.6294e-13],
        [1.0000e+00, 6.9769e-20],
        [1.0000e+00, 6.6552e-16],
        [1.0000e+00, 5.7085e-07],
        [1.0000e+00, 1.4532e-11],
        [1.0000e+00, 3.0124e-15],
        [1.0000e+00, 1.1568e-10],
        [1.0000e+00, 5.9223e-21],
        [1.0000e+00, 3.6779e-16],
        [1.0000e+00, 1.2513e-12],
        [1.0000e+00, 2.2901e-09],
        [3.4950e-14, 1.0000e+00],
        [1.0000e+00, 1.2370e-13],
        [1.0000e+00, 4.2896e-14],
        [1.0000e+00, 1.6334e-15],
        [1.0000e+00, 4.6050e-12],
        [1.0000e+00, 5.7701e-14],
        [1.0000e+00, 3.4867e-16],
        [1.0000e+00, 1.9637e-12],
        [1.0000e+00, 4.2627e-15],
        [1.0000e+00, 7.4079e-15],
        [1.0000e+00, 7.5437e-17],
        [1.0000e+00, 9.5287e-17],
        [1.0000e+00, 8.8172e-17],
        [1.0000e+00, 4.7627e-13],
        [1.0000e+00, 2.0879e-11],
        [1.0000e+00, 1.3485e-07],
        [1.0000e+00, 3.1771e-11],
        [1.0000e+00, 8.7648e-15],
        [1.0000e+00, 3.9391e-11],
        [1.0000e+00, 6.1509e-12],
        [1.0000e+00, 7.8357e-09],
        [1.0000e+00, 3.7499e-06],
        [1.0000e+00, 4.2540e-17],
        [1.0000e+00, 7.8190e-12],
        [8.2121e-01, 1.7879e-01],
        [1.0000e+00, 1.5677e-15],
        [1.0000e+00, 4.1629e-06],
        [1.0000e+00, 4.1806e-08],
        [1.0000e+00, 1.4187e-10],
        [1.0000e+00, 1.5882e-12],
        [9.9995e-01, 4.5478e-05],
        [1.0000e+00, 2.0905e-08],
        [1.0000e+00, 3.4073e-11],
        [1.0000e+00, 1.6335e-11],
        [1.0000e+00, 2.5771e-21],
        [1.0000e+00, 6.8890e-20],
        [1.0000e+00, 2.1881e-08],
        [1.0000e+00, 6.4458e-12],
        [1.0000e+00, 1.2352e-18],
        [1.0000e+00, 2.5144e-19],
        [1.0000e+00, 1.4653e-14],
        [1.0000e+00, 6.6805e-14],
        [1.0000e+00, 4.3997e-17],
        [1.0000e+00, 8.8308e-16],
        [1.0000e+00, 4.6111e-07],
        [1.0000e+00, 1.5486e-14],
        [1.0000e+00, 3.5843e-08],
        [1.0000e+00, 4.9919e-13],
        [1.0000e+00, 2.8672e-14],
        [9.9969e-01, 3.1298e-04],
        [1.0000e+00, 1.7512e-09],
        [5.2256e-01, 4.7744e-01],
        [1.0000e+00, 3.0087e-15],
        [1.0000e+00, 5.1332e-14],
        [1.0000e+00, 2.5099e-24],
        [1.0000e+00, 1.6799e-12],
        [1.0000e+00, 7.3167e-25],
        [1.0000e+00, 7.5579e-15],
        [1.0000e+00, 1.5601e-19],
        [1.0000e+00, 7.2224e-14],
        [1.0000e+00, 3.3026e-13],
        [1.0000e+00, 1.2887e-19],
        [1.0000e+00, 2.4579e-09],
        [1.0000e+00, 2.6129e-06],
        [1.0000e+00, 1.9750e-11],
        [9.6146e-01, 3.8541e-02],
        [9.9973e-01, 2.6741e-04],
        [1.0000e+00, 2.9706e-10],
        [1.0000e+00, 4.7647e-10],
        [1.0000e+00, 5.8762e-10],
        [9.6571e-01, 3.4289e-02],
        [9.9787e-01, 2.1286e-03],
        [1.0000e+00, 2.8430e-18],
        [1.0000e+00, 2.8335e-19],
        [1.0000e+00, 8.8609e-17],
        [1.0000e+00, 4.1427e-24],
        [1.0000e+00, 9.5458e-10],
        [1.0000e+00, 2.2298e-15],
        [1.0000e+00, 5.7066e-18],
        [1.0000e+00, 4.3750e-18],
        [1.0000e+00, 2.3553e-19],
        [1.0000e+00, 2.7885e-09],
        [1.0000e+00, 4.4296e-12],
        [1.0000e+00, 9.0497e-12],
        [1.0000e+00, 8.0733e-18],
        [2.7737e-06, 1.0000e+00],
        [1.0000e+00, 5.6764e-19],
        [1.0000e+00, 3.8332e-12],
        [1.4627e-01, 8.5373e-01],
        [1.0000e+00, 1.5408e-11],
        [1.0000e+00, 6.8670e-18],
        [1.0000e+00, 4.8475e-14],
        [1.0000e+00, 1.2879e-08],
        [1.0000e+00, 7.9651e-12],
        [1.0000e+00, 2.9288e-12],
        [1.0000e+00, 1.0897e-30],
        [1.0000e+00, 9.4121e-11],
        [1.0000e+00, 5.5312e-20],
        [1.0000e+00, 1.9267e-17],
        [1.0000e+00, 1.1629e-19],
        [1.0000e+00, 1.2943e-20],
        [2.7901e-02, 9.7210e-01],
        [9.9967e-01, 3.3445e-04],
        [1.0000e+00, 3.4346e-13],
        [1.0000e+00, 2.9140e-12],
        [1.0000e+00, 7.8428e-11],
        [6.4862e-01, 3.5138e-01],
        [2.7181e-08, 1.0000e+00],
        [1.5369e-04, 9.9985e-01],
        [1.0000e+00, 1.0573e-18],
        [1.0000e+00, 4.6272e-22],
        [1.0000e+00, 3.3735e-17],
        [1.0000e+00, 2.3844e-11],
        [1.0000e+00, 1.6259e-21],
        [1.0000e+00, 1.7026e-14],
        [1.0000e+00, 6.1746e-22],
        [1.0000e+00, 1.9823e-21],
        [1.0000e+00, 1.2952e-18],
        [1.0000e+00, 1.1740e-23],
        [1.0660e-02, 9.8934e-01],
        [1.0000e+00, 1.4900e-15],
        [1.8764e-08, 1.0000e+00],
        [9.9992e-01, 8.3861e-05],
        [1.0000e+00, 1.4489e-15],
        [9.9999e-01, 7.8889e-06],
        [2.0769e-08, 1.0000e+00],
        [1.5246e-03, 9.9848e-01],
        [1.0000e+00, 6.9680e-17],
        [1.0000e+00, 3.3484e-17],
        [1.0000e+00, 1.2346e-09],
        [1.0000e+00, 2.9061e-22],
        [1.0000e+00, 1.2899e-06],
        [1.0000e+00, 1.5138e-07],
        [1.0000e+00, 2.0576e-16],
        [1.0000e+00, 1.4362e-14],
        [1.0000e+00, 4.8333e-19],
        [1.0000e+00, 2.6102e-17],
        [1.0000e+00, 2.3493e-09],
        [4.0626e-06, 1.0000e+00],
        [1.0000e+00, 3.2509e-12],
        [1.0000e+00, 3.0333e-15],
        [1.0000e+00, 8.4115e-20],
        [1.0000e+00, 6.1075e-15],
        [1.0000e+00, 3.2659e-15],
        [1.0000e+00, 1.4958e-12],
        [1.0000e+00, 6.8302e-19],
        [1.0000e+00, 1.2876e-14],
        [1.0000e+00, 7.5751e-21],
        [1.0000e+00, 1.7476e-17],
        [1.0000e+00, 3.9106e-13],
        [1.0000e+00, 8.2987e-15],
        [1.0000e+00, 3.5058e-23],
        [1.0000e+00, 3.1182e-19],
        [1.0000e+00, 3.8576e-18],
        [1.0000e+00, 1.5555e-14],
        [3.1354e-02, 9.6865e-01],
        [1.0839e-01, 8.9161e-01],
        [1.0000e+00, 7.5510e-19],
        [1.0000e+00, 6.1833e-10],
        [1.0000e+00, 2.5113e-26],
        [1.0000e+00, 1.0171e-06],
        [1.0000e+00, 4.7395e-09],
        [2.7238e-01, 7.2762e-01],
        [1.0000e+00, 1.7967e-10],
        [1.0000e+00, 1.8330e-19],
        [1.0000e+00, 5.1194e-15],
        [1.0000e+00, 6.5036e-18],
        [1.0000e+00, 6.0318e-09],
        [1.0000e+00, 2.0800e-23],
        [1.0000e+00, 4.1404e-13],
        [1.0000e+00, 8.2709e-08],
        [1.0000e+00, 8.0033e-13],
        [9.7566e-01, 2.4337e-02],
        [1.0000e+00, 3.3187e-10],
        [1.0000e+00, 1.5451e-11],
        [6.9338e-01, 3.0662e-01],
        [9.9342e-01, 6.5778e-03],
        [1.0000e+00, 1.1579e-12],
        [1.0000e+00, 3.0511e-07],
        [1.0000e+00, 1.3072e-13],
        [1.7252e-04, 9.9983e-01],
        [1.0000e+00, 1.1076e-09],
        [1.0000e+00, 4.3327e-17],
        [1.0000e+00, 1.7147e-06],
        [1.0000e+00, 4.4702e-15],
        [1.0000e+00, 4.6268e-24],
        [1.0000e+00, 1.0840e-15],
        [1.0000e+00, 1.3277e-20],
        [1.0000e+00, 1.3461e-20],
        [1.0000e+00, 2.1778e-14],
        [1.0000e+00, 2.1344e-17],
        [1.0000e+00, 1.0854e-06],
        [1.0000e+00, 4.7549e-08],
        [1.0000e+00, 1.7629e-19],
        [1.0000e+00, 1.3320e-14],
        [1.0000e+00, 1.1356e-11],
        [1.0000e+00, 2.0726e-07],
        [9.9999e-01, 6.8401e-06],
        [1.0000e+00, 9.8104e-15],
        [9.9989e-01, 1.0689e-04],
        [1.0000e+00, 1.7322e-08],
        [1.0000e+00, 8.8090e-08],
        [1.0000e+00, 5.3083e-16],
        [1.0000e+00, 5.4684e-21],
        [1.0000e+00, 4.8417e-07],
        [1.0000e+00, 4.0618e-19],
        [1.0000e+00, 9.8720e-17],
        [1.0000e+00, 5.2232e-18],
        [1.0000e+00, 4.3643e-18],
        [1.0000e+00, 5.2796e-14],
        [1.0000e+00, 5.4967e-16],
        [1.0000e+00, 2.4656e-12],
        [1.0000e+00, 3.0475e-09],
        [1.0000e+00, 9.5926e-19],
        [1.8319e-12, 1.0000e+00],
        [1.0000e+00, 8.6982e-13],
        [1.0000e+00, 2.3056e-15],
        [1.0000e+00, 3.5759e-15],
        [1.0000e+00, 6.0796e-09],
        [1.0000e+00, 3.7092e-15],
        [1.0000e+00, 1.6975e-16],
        [1.0000e+00, 2.3533e-15],
        [1.1450e-10, 1.0000e+00],
        [1.0000e+00, 1.3015e-23],
        [1.6473e-07, 1.0000e+00],
        [1.0000e+00, 4.6805e-21],
        [1.0000e+00, 5.5338e-10],
        [1.0000e+00, 2.1411e-13],
        [1.0000e+00, 3.8835e-21],
        [1.0000e+00, 2.6390e-20],
        [3.0195e-04, 9.9970e-01],
        [1.0000e+00, 2.5179e-08],
        [9.9995e-01, 4.6421e-05],
        [1.0000e+00, 3.2711e-07],
        [1.0000e+00, 5.4258e-16],
        [1.0000e+00, 1.8081e-09],
        [1.0000e+00, 9.5123e-13],
        [1.0000e+00, 1.7349e-15],
        [1.0000e+00, 3.9138e-06],
        [1.0000e+00, 1.1872e-19],
        [1.0000e+00, 4.9523e-21],
        [1.0000e+00, 1.6380e-19],
        [1.0000e+00, 1.8462e-15],
        [1.0000e+00, 3.6144e-16],
        [1.0000e+00, 1.3608e-09],
        [1.0000e+00, 7.4536e-11],
        [1.0000e+00, 1.5265e-25],
        [1.0000e+00, 2.7925e-16],
        [1.0000e+00, 1.5824e-11],
        [1.0000e+00, 1.5015e-17],
        [1.0000e+00, 4.4251e-13],
        [1.0000e+00, 2.8193e-08],
        [9.9978e-01, 2.2084e-04],
        [1.0000e+00, 3.9455e-17],
        [1.0000e+00, 7.0316e-08],
        [1.0000e+00, 4.8829e-08],
        [1.0000e+00, 2.3386e-08],
        [1.0000e+00, 1.0285e-16],
        [1.0000e+00, 1.3293e-09],
        [1.0000e+00, 2.9140e-17],
        [1.0000e+00, 7.1885e-22],
        [1.0000e+00, 1.1647e-10],
        [1.0000e+00, 5.9606e-13],
        [1.0000e+00, 1.3785e-20],
        [1.0000e+00, 1.3144e-16],
        [1.0000e+00, 4.0577e-20],
        [1.0000e+00, 4.7937e-19],
        [1.0000e+00, 3.1220e-18],
        [1.0000e+00, 1.9977e-19],
        [1.0000e+00, 8.7737e-17],
        [1.0000e+00, 1.0790e-11]], grad_fn=<SoftmaxBackward0>)